<?xml version="1.0" encoding="UTF-8" ?>
<testsuite errors="0" failures="0" hostname="LAPTOP-TSD2U6DH" name="weiwilli_CSCI301_Project1a.TestSearchMap" skipped="0" tests="1" time="0.055" timestamp="2022-02-02T06:52:41">
  <properties>
    <property name="ant.project.invoked-targets" value="test" />
    <property name="java.runtime.name" value="Java(TM) SE Runtime Environment" />
    <property name="java.vm.version" value="14.0.2+12-46" />
    <property name="sun.boot.library.path" value="C:\Program Files\Java\jdk-14.0.2\bin" />
    <property name="ant.file.type.William Wei CSCI301 Project 1a" value="file" />
    <property name="ant.library.dir" value="C:\Program Files\ant\apache-ant-1.9.16\lib" />
    <property name="ant.version" value="Apache Ant(TM) version 1.9.16 compiled on July 10 2021" />
    <property name="ant.java.version" value="14" />
    <property name="java.vm.vendor" value="Oracle Corporation" />
    <property name="java.vendor.url" value="https://java.oracle.com/" />
    <property name="path.separator" value=";" />
    <property name="java.vm.name" value="Java HotSpot(TM) 64-Bit Server VM" />
    <property name="sun.os.patch.level" value="" />
    <property name="user.script" value="" />
    <property name="user.country" value="US" />
    <property name="sun.java.launcher" value="SUN_STANDARD" />
    <property name="java.vm.specification.name" value="Java Virtual Machine Specification" />
    <property name="user.dir" value="C:\Users\wwei7\eclipse-workspace2\Project1a" />
    <property name="java.vm.compressedOopsMode" value="Zero based" />
    <property name="java.runtime.version" value="14.0.2+12-46" />
    <property name="basedir" value="C:\Users\wwei7\eclipse-workspace2\Project1a" />
    <property name="os.arch" value="amd64" />
    <property name="doc.dir" value="C:\Users\wwei7\eclipse-workspace2\Project1a\doc" />
    <property name="ant.project.default-target" value="compile" />
    <property name="java.io.tmpdir" value="C:\Users\wwei7\AppData\Local\Temp\" />
    <property name="ant.core.lib" value="C:\Program Files\ant\apache-ant-1.9.16\lib\ant.jar" />
    <property name="line.separator" value="&#xd;&#xa;" />
    <property name="java.vm.specification.vendor" value="Oracle Corporation" />
    <property name="user.variant" value="" />
    <property name="os.name" value="Windows 10" />
    <property name="ant.home" value="C:\Program Files\ant\apache-ant-1.9.16" />
    <property name="build.dir" value="C:\Users\wwei7\eclipse-workspace2\Project1a\bin" />
    <property name="ant.project.name" value="William Wei CSCI301 Project 1a" />
    <property name="sun.jnu.encoding" value="Cp1252" />
    <property name="java.library.path" value="C:\Program Files\Java\jdk-14.0.2\bin;C:\WINDOWS\Sun\Java\bin;C:\WINDOWS\system32;C:\WINDOWS;C:\WINDOWS\system32;C:\WINDOWS;C:\WINDOWS\System32\Wbem;C:\WINDOWS\System32\WindowsPowerShell\v1.0\;C:\WINDOWS\System32\OpenSSH\;C:\Program Files\Java\jdk-14.0.2\bin;C:\Program Files\Git\cmd;C:\Program Files\nodejs\;C:\Program Files\ant\apache-ant-1.9.16\bin;C:\Program Files\MySQL\MySQL Shell 8.0\bin\;C:\Users\wwei7\AppData\Local\Microsoft\WindowsApps;C:\Users\wwei7\AppData\Roaming\npm;C:\Users\wwei7\AppData\Local\Programs\Microsoft VS Code\bin;;." />
    <property name="jdk.debug" value="release" />
    <property name="java.class.version" value="58.0" />
    <property name="java.specification.name" value="Java Platform API Specification" />
    <property name="lib.dir" value="C:\Users\wwei7\eclipse-workspace2\Project1a\lib" />
    <property name="sun.management.compiler" value="HotSpot 64-Bit Tiered Compilers" />
    <property name="os.version" value="10.0" />
    <property name="dist.dir" value="C:\Users\wwei7\eclipse-workspace2\Project1a\dist" />
    <property name="ant.file" value="C:\Users\wwei7\eclipse-workspace2\Project1a\build.xml" />
    <property name="user.home" value="C:\Users\wwei7" />
    <property name="file.encoding" value="Cp1252" />
    <property name="java.specification.version" value="14" />
    <property name="user.name" value="wwei7" />
    <property name="java.class.path" value="C:\Users\wwei7\eclipse-workspace2\Project1a\lib\hamcrest-core-1.3.jar;C:\Users\wwei7\eclipse-workspace2\Project1a\lib\junit-4.12.jar;C:\Users\wwei7\eclipse-workspace2\Project1a\bin;C:\Program Files\ant\apache-ant-1.9.16\lib\ant-launcher.jar;C:\Program Files\ant\apache-ant-1.9.16\lib\ant.jar;C:\Program Files\ant\apache-ant-1.9.16\lib\ant-junit.jar;C:\Program Files\ant\apache-ant-1.9.16\lib\ant-junit4.jar" />
    <property name="java.vm.specification.version" value="14" />
    <property name="sun.arch.data.model" value="64" />
    <property name="sun.java.command" value="org.apache.tools.ant.taskdefs.optional.junit.JUnitTestRunner weiwilli_CSCI301_Project1a.TestSearchMap skipNonTests=false filtertrace=true haltOnError=false haltOnFailure=false formatter=org.apache.tools.ant.taskdefs.optional.junit.SummaryJUnitResultFormatter showoutput=false outputtoformatters=true logfailedtests=true threadid=0 logtestlistenerevents=false formatter=org.apache.tools.ant.taskdefs.optional.junit.XMLJUnitResultFormatter,C:\Users\wwei7\eclipse-workspace2\Project1a\TEST-weiwilli_CSCI301_Project1a.TestSearchMap.xml formatter=org.apache.tools.ant.taskdefs.optional.junit.PlainJUnitResultFormatter,C:\Users\wwei7\eclipse-workspace2\Project1a\TEST-weiwilli_CSCI301_Project1a.TestSearchMap.txt crashfile=C:\Users\wwei7\eclipse-workspace2\Project1a\junitvmwatcher2646818567918870041.properties propsfile=C:\Users\wwei7\eclipse-workspace2\Project1a\junit9851677474002173168.properties" />
    <property name="java.home" value="C:\Program Files\Java\jdk-14.0.2" />
    <property name="ant.file.William Wei CSCI301 Project 1a" value="C:\Users\wwei7\eclipse-workspace2\Project1a\build.xml" />
    <property name="user.language" value="en" />
    <property name="java.specification.vendor" value="Oracle Corporation" />
    <property name="java.vm.info" value="mixed mode, sharing" />
    <property name="java.version" value="14.0.2" />
    <property name="java.vendor" value="Oracle Corporation" />
    <property name="sun.stderr.encoding" value="cp437" />
    <property name="file.separator" value="\" />
    <property name="java.version.date" value="2020-07-14" />
    <property name="java.vendor.url.bug" value="https://bugreport.java.com/bugreport/" />
    <property name="sun.io.unicode.encoding" value="UnicodeLittle" />
    <property name="sun.cpu.endian" value="little" />
    <property name="source.dir" value="C:\Users\wwei7\eclipse-workspace2\Project1a\src" />
    <property name="sun.stdout.encoding" value="cp437" />
    <property name="ant.file.type" value="file" />
    <property name="sun.cpu.isalist" value="amd64" />
  </properties>
  <testcase classname="weiwilli_CSCI301_Project1a.TestSearchMap" name="testing" time="0.001" />
  <system-out><![CDATA[]]></system-out>
  <system-err><![CDATA[]]></system-err>
</testsuite>
